<?xml version="1.0" encoding="UTF-8"?>
<testsuite xmlns:xsi="http://www.w3.org/2001/XMLSchema-instance" xsi:noNamespaceSchemaLocation="https://maven.apache.org/surefire/maven-surefire-plugin/xsd/surefire-test-report.xsd" name="com.felizlabs.AppTest" time="0.031" tests="1" errors="0" skipped="0" failures="0">
  <properties>
    <property name="java.specification.version" value="17"/>
    <property name="sun.cpu.isalist" value="amd64"/>
    <property name="sun.jnu.encoding" value="Cp1252"/>
    <property name="java.class.path" value="C:\Luis\DEV\javamsidemo\javamsidemo\target\test-classes;C:\Luis\DEV\javamsidemo\javamsidemo\target\classes;C:\Users\lufeliz\.m2\repository\com\microsoft\azure\msal4j\1.13.3\msal4j-1.13.3.jar;C:\Users\lufeliz\.m2\repository\com\nimbusds\oauth2-oidc-sdk\9.35\oauth2-oidc-sdk-9.35.jar;C:\Users\lufeliz\.m2\repository\com\github\stephenc\jcip\jcip-annotations\1.0-1\jcip-annotations-1.0-1.jar;C:\Users\lufeliz\.m2\repository\com\nimbusds\content-type\2.2\content-type-2.2.jar;C:\Users\lufeliz\.m2\repository\com\nimbusds\lang-tag\1.6\lang-tag-1.6.jar;C:\Users\lufeliz\.m2\repository\com\nimbusds\nimbus-jose-jwt\9.22\nimbus-jose-jwt-9.22.jar;C:\Users\lufeliz\.m2\repository\net\minidev\json-smart\2.4.8\json-smart-2.4.8.jar;C:\Users\lufeliz\.m2\repository\net\minidev\accessors-smart\2.4.8\accessors-smart-2.4.8.jar;C:\Users\lufeliz\.m2\repository\org\ow2\asm\asm\9.1\asm-9.1.jar;C:\Users\lufeliz\.m2\repository\com\fasterxml\jackson\core\jackson-databind\2.13.4.2\jackson-databind-2.13.4.2.jar;C:\Users\lufeliz\.m2\repository\com\fasterxml\jackson\core\jackson-annotations\2.13.4\jackson-annotations-2.13.4.jar;C:\Users\lufeliz\.m2\repository\com\fasterxml\jackson\core\jackson-core\2.13.4\jackson-core-2.13.4.jar;C:\Users\lufeliz\.m2\repository\com\azure\azure-identity\1.7.1\azure-identity-1.7.1.jar;C:\Users\lufeliz\.m2\repository\com\azure\azure-core\1.34.0\azure-core-1.34.0.jar;C:\Users\lufeliz\.m2\repository\com\fasterxml\jackson\datatype\jackson-datatype-jsr310\2.13.4\jackson-datatype-jsr310-2.13.4.jar;C:\Users\lufeliz\.m2\repository\com\fasterxml\jackson\dataformat\jackson-dataformat-xml\2.13.4\jackson-dataformat-xml-2.13.4.jar;C:\Users\lufeliz\.m2\repository\org\codehaus\woodstox\stax2-api\4.2.1\stax2-api-4.2.1.jar;C:\Users\lufeliz\.m2\repository\com\fasterxml\woodstox\woodstox-core\6.4.0\woodstox-core-6.4.0.jar;C:\Users\lufeliz\.m2\repository\io\projectreactor\reactor-core\3.4.23\reactor-core-3.4.23.jar;C:\Users\lufeliz\.m2\repository\org\reactivestreams\reactive-streams\1.0.4\reactive-streams-1.0.4.jar;C:\Users\lufeliz\.m2\repository\com\azure\azure-core-http-netty\1.12.7\azure-core-http-netty-1.12.7.jar;C:\Users\lufeliz\.m2\repository\io\netty\netty-handler\4.1.82.Final\netty-handler-4.1.82.Final.jar;C:\Users\lufeliz\.m2\repository\io\netty\netty-common\4.1.82.Final\netty-common-4.1.82.Final.jar;C:\Users\lufeliz\.m2\repository\io\netty\netty-resolver\4.1.82.Final\netty-resolver-4.1.82.Final.jar;C:\Users\lufeliz\.m2\repository\io\netty\netty-transport\4.1.82.Final\netty-transport-4.1.82.Final.jar;C:\Users\lufeliz\.m2\repository\io\netty\netty-codec\4.1.82.Final\netty-codec-4.1.82.Final.jar;C:\Users\lufeliz\.m2\repository\io\netty\netty-handler-proxy\4.1.82.Final\netty-handler-proxy-4.1.82.Final.jar;C:\Users\lufeliz\.m2\repository\io\netty\netty-codec-socks\4.1.82.Final\netty-codec-socks-4.1.82.Final.jar;C:\Users\lufeliz\.m2\repository\io\netty\netty-buffer\4.1.82.Final\netty-buffer-4.1.82.Final.jar;C:\Users\lufeliz\.m2\repository\io\netty\netty-codec-http\4.1.82.Final\netty-codec-http-4.1.82.Final.jar;C:\Users\lufeliz\.m2\repository\io\netty\netty-codec-http2\4.1.82.Final\netty-codec-http2-4.1.82.Final.jar;C:\Users\lufeliz\.m2\repository\io\netty\netty-transport-native-unix-common\4.1.82.Final\netty-transport-native-unix-common-4.1.82.Final.jar;C:\Users\lufeliz\.m2\repository\io\netty\netty-transport-native-epoll\4.1.82.Final\netty-transport-native-epoll-4.1.82.Final-linux-x86_64.jar;C:\Users\lufeliz\.m2\repository\io\netty\netty-transport-classes-epoll\4.1.82.Final\netty-transport-classes-epoll-4.1.82.Final.jar;C:\Users\lufeliz\.m2\repository\io\netty\netty-transport-native-kqueue\4.1.82.Final\netty-transport-native-kqueue-4.1.82.Final-osx-x86_64.jar;C:\Users\lufeliz\.m2\repository\io\netty\netty-transport-classes-kqueue\4.1.82.Final\netty-transport-classes-kqueue-4.1.82.Final.jar;C:\Users\lufeliz\.m2\repository\io\netty\netty-tcnative-boringssl-static\2.0.54.Final\netty-tcnative-boringssl-static-2.0.54.Final.jar;C:\Users\lufeliz\.m2\repository\io\netty\netty-tcnative-classes\2.0.54.Final\netty-tcnative-classes-2.0.54.Final.jar;C:\Users\lufeliz\.m2\repository\io\netty\netty-tcnative-boringssl-static\2.0.54.Final\netty-tcnative-boringssl-static-2.0.54.Final-linux-x86_64.jar;C:\Users\lufeliz\.m2\repository\io\netty\netty-tcnative-boringssl-static\2.0.54.Final\netty-tcnative-boringssl-static-2.0.54.Final-linux-aarch_64.jar;C:\Users\lufeliz\.m2\repository\io\netty\netty-tcnative-boringssl-static\2.0.54.Final\netty-tcnative-boringssl-static-2.0.54.Final-osx-x86_64.jar;C:\Users\lufeliz\.m2\repository\io\netty\netty-tcnative-boringssl-static\2.0.54.Final\netty-tcnative-boringssl-static-2.0.54.Final-osx-aarch_64.jar;C:\Users\lufeliz\.m2\repository\io\netty\netty-tcnative-boringssl-static\2.0.54.Final\netty-tcnative-boringssl-static-2.0.54.Final-windows-x86_64.jar;C:\Users\lufeliz\.m2\repository\io\projectreactor\netty\reactor-netty-http\1.0.23\reactor-netty-http-1.0.23.jar;C:\Users\lufeliz\.m2\repository\io\netty\netty-resolver-dns\4.1.81.Final\netty-resolver-dns-4.1.81.Final.jar;C:\Users\lufeliz\.m2\repository\io\netty\netty-codec-dns\4.1.81.Final\netty-codec-dns-4.1.81.Final.jar;C:\Users\lufeliz\.m2\repository\io\netty\netty-resolver-dns-native-macos\4.1.81.Final\netty-resolver-dns-native-macos-4.1.81.Final-osx-x86_64.jar;C:\Users\lufeliz\.m2\repository\io\netty\netty-resolver-dns-classes-macos\4.1.81.Final\netty-resolver-dns-classes-macos-4.1.81.Final.jar;C:\Users\lufeliz\.m2\repository\io\projectreactor\netty\reactor-netty-core\1.0.23\reactor-netty-core-1.0.23.jar;C:\Users\lufeliz\.m2\repository\com\microsoft\azure\msal4j-persistence-extension\1.1.0\msal4j-persistence-extension-1.1.0.jar;C:\Users\lufeliz\.m2\repository\net\java\dev\jna\jna\5.5.0\jna-5.5.0.jar;C:\Users\lufeliz\.m2\repository\net\java\dev\jna\jna-platform\5.6.0\jna-platform-5.6.0.jar;C:\Users\lufeliz\.m2\repository\junit\junit\4.11\junit-4.11.jar;C:\Users\lufeliz\.m2\repository\org\hamcrest\hamcrest-core\1.3\hamcrest-core-1.3.jar;C:\Users\lufeliz\.m2\repository\org\slf4j\slf4j-simple\2.0.3\slf4j-simple-2.0.3.jar;C:\Users\lufeliz\.m2\repository\org\slf4j\slf4j-api\2.0.3\slf4j-api-2.0.3.jar;"/>
    <property name="java.vm.vendor" value="Microsoft"/>
    <property name="sun.arch.data.model" value="64"/>
    <property name="user.variant" value=""/>
    <property name="java.vendor.url" value="https://www.microsoft.com"/>
    <property name="user.timezone" value="America/New_York"/>
    <property name="os.name" value="Windows 11"/>
    <property name="java.vm.specification.version" value="17"/>
    <property name="sun.java.launcher" value="SUN_STANDARD"/>
    <property name="user.country" value="US"/>
    <property name="sun.boot.library.path" value="C:\Program Files\Microsoft\jdk-17.0.4.101-hotspot\bin"/>
    <property name="sun.java.command" value="C:\Users\lufeliz\AppData\Local\Temp\surefire8369098688992867090\surefirebooter12404375045174816237.jar C:\Users\lufeliz\AppData\Local\Temp\surefire8369098688992867090 2022-12-09T02-41-35_456-jvmRun1 surefire10124894968373944346tmp surefire_014932441534041477684tmp"/>
    <property name="jdk.debug" value="release"/>
    <property name="surefire.test.class.path" value="C:\Luis\DEV\javamsidemo\javamsidemo\target\test-classes;C:\Luis\DEV\javamsidemo\javamsidemo\target\classes;C:\Users\lufeliz\.m2\repository\com\microsoft\azure\msal4j\1.13.3\msal4j-1.13.3.jar;C:\Users\lufeliz\.m2\repository\com\nimbusds\oauth2-oidc-sdk\9.35\oauth2-oidc-sdk-9.35.jar;C:\Users\lufeliz\.m2\repository\com\github\stephenc\jcip\jcip-annotations\1.0-1\jcip-annotations-1.0-1.jar;C:\Users\lufeliz\.m2\repository\com\nimbusds\content-type\2.2\content-type-2.2.jar;C:\Users\lufeliz\.m2\repository\com\nimbusds\lang-tag\1.6\lang-tag-1.6.jar;C:\Users\lufeliz\.m2\repository\com\nimbusds\nimbus-jose-jwt\9.22\nimbus-jose-jwt-9.22.jar;C:\Users\lufeliz\.m2\repository\net\minidev\json-smart\2.4.8\json-smart-2.4.8.jar;C:\Users\lufeliz\.m2\repository\net\minidev\accessors-smart\2.4.8\accessors-smart-2.4.8.jar;C:\Users\lufeliz\.m2\repository\org\ow2\asm\asm\9.1\asm-9.1.jar;C:\Users\lufeliz\.m2\repository\com\fasterxml\jackson\core\jackson-databind\2.13.4.2\jackson-databind-2.13.4.2.jar;C:\Users\lufeliz\.m2\repository\com\fasterxml\jackson\core\jackson-annotations\2.13.4\jackson-annotations-2.13.4.jar;C:\Users\lufeliz\.m2\repository\com\fasterxml\jackson\core\jackson-core\2.13.4\jackson-core-2.13.4.jar;C:\Users\lufeliz\.m2\repository\com\azure\azure-identity\1.7.1\azure-identity-1.7.1.jar;C:\Users\lufeliz\.m2\repository\com\azure\azure-core\1.34.0\azure-core-1.34.0.jar;C:\Users\lufeliz\.m2\repository\com\fasterxml\jackson\datatype\jackson-datatype-jsr310\2.13.4\jackson-datatype-jsr310-2.13.4.jar;C:\Users\lufeliz\.m2\repository\com\fasterxml\jackson\dataformat\jackson-dataformat-xml\2.13.4\jackson-dataformat-xml-2.13.4.jar;C:\Users\lufeliz\.m2\repository\org\codehaus\woodstox\stax2-api\4.2.1\stax2-api-4.2.1.jar;C:\Users\lufeliz\.m2\repository\com\fasterxml\woodstox\woodstox-core\6.4.0\woodstox-core-6.4.0.jar;C:\Users\lufeliz\.m2\repository\io\projectreactor\reactor-core\3.4.23\reactor-core-3.4.23.jar;C:\Users\lufeliz\.m2\repository\org\reactivestreams\reactive-streams\1.0.4\reactive-streams-1.0.4.jar;C:\Users\lufeliz\.m2\repository\com\azure\azure-core-http-netty\1.12.7\azure-core-http-netty-1.12.7.jar;C:\Users\lufeliz\.m2\repository\io\netty\netty-handler\4.1.82.Final\netty-handler-4.1.82.Final.jar;C:\Users\lufeliz\.m2\repository\io\netty\netty-common\4.1.82.Final\netty-common-4.1.82.Final.jar;C:\Users\lufeliz\.m2\repository\io\netty\netty-resolver\4.1.82.Final\netty-resolver-4.1.82.Final.jar;C:\Users\lufeliz\.m2\repository\io\netty\netty-transport\4.1.82.Final\netty-transport-4.1.82.Final.jar;C:\Users\lufeliz\.m2\repository\io\netty\netty-codec\4.1.82.Final\netty-codec-4.1.82.Final.jar;C:\Users\lufeliz\.m2\repository\io\netty\netty-handler-proxy\4.1.82.Final\netty-handler-proxy-4.1.82.Final.jar;C:\Users\lufeliz\.m2\repository\io\netty\netty-codec-socks\4.1.82.Final\netty-codec-socks-4.1.82.Final.jar;C:\Users\lufeliz\.m2\repository\io\netty\netty-buffer\4.1.82.Final\netty-buffer-4.1.82.Final.jar;C:\Users\lufeliz\.m2\repository\io\netty\netty-codec-http\4.1.82.Final\netty-codec-http-4.1.82.Final.jar;C:\Users\lufeliz\.m2\repository\io\netty\netty-codec-http2\4.1.82.Final\netty-codec-http2-4.1.82.Final.jar;C:\Users\lufeliz\.m2\repository\io\netty\netty-transport-native-unix-common\4.1.82.Final\netty-transport-native-unix-common-4.1.82.Final.jar;C:\Users\lufeliz\.m2\repository\io\netty\netty-transport-native-epoll\4.1.82.Final\netty-transport-native-epoll-4.1.82.Final-linux-x86_64.jar;C:\Users\lufeliz\.m2\repository\io\netty\netty-transport-classes-epoll\4.1.82.Final\netty-transport-classes-epoll-4.1.82.Final.jar;C:\Users\lufeliz\.m2\repository\io\netty\netty-transport-native-kqueue\4.1.82.Final\netty-transport-native-kqueue-4.1.82.Final-osx-x86_64.jar;C:\Users\lufeliz\.m2\repository\io\netty\netty-transport-classes-kqueue\4.1.82.Final\netty-transport-classes-kqueue-4.1.82.Final.jar;C:\Users\lufeliz\.m2\repository\io\netty\netty-tcnative-boringssl-static\2.0.54.Final\netty-tcnative-boringssl-static-2.0.54.Final.jar;C:\Users\lufeliz\.m2\repository\io\netty\netty-tcnative-classes\2.0.54.Final\netty-tcnative-classes-2.0.54.Final.jar;C:\Users\lufeliz\.m2\repository\io\netty\netty-tcnative-boringssl-static\2.0.54.Final\netty-tcnative-boringssl-static-2.0.54.Final-linux-x86_64.jar;C:\Users\lufeliz\.m2\repository\io\netty\netty-tcnative-boringssl-static\2.0.54.Final\netty-tcnative-boringssl-static-2.0.54.Final-linux-aarch_64.jar;C:\Users\lufeliz\.m2\repository\io\netty\netty-tcnative-boringssl-static\2.0.54.Final\netty-tcnative-boringssl-static-2.0.54.Final-osx-x86_64.jar;C:\Users\lufeliz\.m2\repository\io\netty\netty-tcnative-boringssl-static\2.0.54.Final\netty-tcnative-boringssl-static-2.0.54.Final-osx-aarch_64.jar;C:\Users\lufeliz\.m2\repository\io\netty\netty-tcnative-boringssl-static\2.0.54.Final\netty-tcnative-boringssl-static-2.0.54.Final-windows-x86_64.jar;C:\Users\lufeliz\.m2\repository\io\projectreactor\netty\reactor-netty-http\1.0.23\reactor-netty-http-1.0.23.jar;C:\Users\lufeliz\.m2\repository\io\netty\netty-resolver-dns\4.1.81.Final\netty-resolver-dns-4.1.81.Final.jar;C:\Users\lufeliz\.m2\repository\io\netty\netty-codec-dns\4.1.81.Final\netty-codec-dns-4.1.81.Final.jar;C:\Users\lufeliz\.m2\repository\io\netty\netty-resolver-dns-native-macos\4.1.81.Final\netty-resolver-dns-native-macos-4.1.81.Final-osx-x86_64.jar;C:\Users\lufeliz\.m2\repository\io\netty\netty-resolver-dns-classes-macos\4.1.81.Final\netty-resolver-dns-classes-macos-4.1.81.Final.jar;C:\Users\lufeliz\.m2\repository\io\projectreactor\netty\reactor-netty-core\1.0.23\reactor-netty-core-1.0.23.jar;C:\Users\lufeliz\.m2\repository\com\microsoft\azure\msal4j-persistence-extension\1.1.0\msal4j-persistence-extension-1.1.0.jar;C:\Users\lufeliz\.m2\repository\net\java\dev\jna\jna\5.5.0\jna-5.5.0.jar;C:\Users\lufeliz\.m2\repository\net\java\dev\jna\jna-platform\5.6.0\jna-platform-5.6.0.jar;C:\Users\lufeliz\.m2\repository\junit\junit\4.11\junit-4.11.jar;C:\Users\lufeliz\.m2\repository\org\hamcrest\hamcrest-core\1.3\hamcrest-core-1.3.jar;C:\Users\lufeliz\.m2\repository\org\slf4j\slf4j-simple\2.0.3\slf4j-simple-2.0.3.jar;C:\Users\lufeliz\.m2\repository\org\slf4j\slf4j-api\2.0.3\slf4j-api-2.0.3.jar;"/>
    <property name="sun.cpu.endian" value="little"/>
    <property name="user.home" value="C:\Users\lufeliz"/>
    <property name="user.language" value="en"/>
    <property name="java.specification.vendor" value="Oracle Corporation"/>
    <property name="java.version.date" value="2022-08-12"/>
    <property name="java.home" value="C:\Program Files\Microsoft\jdk-17.0.4.101-hotspot"/>
    <property name="file.separator" value="\"/>
    <property name="basedir" value="C:\Luis\DEV\javamsidemo\javamsidemo"/>
    <property name="java.vm.compressedOopsMode" value="Zero based"/>
    <property name="line.separator" value="&#10;"/>
    <property name="java.vm.specification.vendor" value="Oracle Corporation"/>
    <property name="java.specification.name" value="Java Platform API Specification"/>
    <property name="surefire.real.class.path" value="C:\Users\lufeliz\AppData\Local\Temp\surefire8369098688992867090\surefirebooter12404375045174816237.jar"/>
    <property name="user.script" value=""/>
    <property name="sun.management.compiler" value="HotSpot 64-Bit Tiered Compilers"/>
    <property name="java.runtime.version" value="17.0.4.1+1-LTS"/>
    <property name="user.name" value="lufeliz"/>
    <property name="path.separator" value=";"/>
    <property name="os.version" value="10.0"/>
    <property name="java.runtime.name" value="OpenJDK Runtime Environment"/>
    <property name="file.encoding" value="Cp1252"/>
    <property name="java.vm.name" value="OpenJDK 64-Bit Server VM"/>
    <property name="java.vendor.version" value="Microsoft-40354"/>
    <property name="localRepository" value="C:\Users\lufeliz\.m2\repository"/>
    <property name="java.vendor.url.bug" value="https://github.com/microsoft/openjdk/issues"/>
    <property name="java.io.tmpdir" value="C:\Users\lufeliz\AppData\Local\Temp\"/>
    <property name="java.version" value="17.0.4.1"/>
    <property name="user.dir" value="C:\Luis\DEV\javamsidemo\javamsidemo"/>
    <property name="os.arch" value="amd64"/>
    <property name="java.vm.specification.name" value="Java Virtual Machine Specification"/>
    <property name="sun.os.patch.level" value=""/>
    <property name="native.encoding" value="Cp1252"/>
    <property name="java.library.path" value="C:\Program Files\Microsoft\jdk-17.0.4.101-hotspot\bin;C:\WINDOWS\Sun\Java\bin;C:\WINDOWS\system32;C:\WINDOWS;C:\Program Files\WindowsApps\Microsoft.PowerShell_7.3.0.0_x64__8wekyb3d8bbwe;C:\Program Files\Microsoft\jdk-17.0.4.101-hotspot\bin;C:\Python310\Scripts\;C:\Python310\;C:\Program Files (x86)\Microsoft SDKs\Azure\CLI2\wbin;C:\Windows\system32;C:\Windows;C:\Windows\System32\Wbem;C:\Windows\System32\WindowsPowerShell\v1.0\;C:\Windows\System32\OpenSSH\;C:\Program Files\Git\cmd;C:\Program Files (x86)\Microsoft SQL Server\150\DTS\Binn\;C:\Program Files\Azure Data Studio\bin;c:\luis\utils;C:\Program Files\dotnet\;C:\Program Files\Microsoft SQL Server\150\Tools\Binn\;C:\Program Files\Microsoft SQL Server\Client SDK\ODBC\170\Tools\Binn\;C:\ProgramData\chocolatey\bin;C:\WINDOWS\system32;C:\WINDOWS;C:\WINDOWS\System32\Wbem;C:\WINDOWS\System32\WindowsPowerShell\v1.0\;C:\WINDOWS\System32\OpenSSH\;C:\Luis\Utils\apache-maven-3.8.6\bin;C:\Program Files\nodejs\;C:\Users\lufeliz\AppData\Local\Microsoft\WindowsApps;C:\Users\lufeliz\AppData\Local\Programs\Microsoft VS Code\bin;C:\Users\lufeliz\AppData\Local\GitHubDesktop\bin;C:\Program Files\Azure Data Studio\bin;C:\Users\lufeliz\.dotnet\tools;C:\Users\lufeliz\AppData\Roaming\npm;."/>
    <property name="java.vm.info" value="mixed mode, sharing"/>
    <property name="java.vendor" value="Microsoft"/>
    <property name="java.vm.version" value="17.0.4.1+1-LTS"/>
    <property name="sun.io.unicode.encoding" value="UnicodeLittle"/>
    <property name="java.class.version" value="61.0"/>
  </properties>
  <testcase name="shouldAnswerWithTrue" classname="com.felizlabs.AppTest" time="0.001"/>
</testsuite>